<?xml version="1.0" encoding="UTF-8"?>
<testsuite name="com.converter.services.converter.CurrencyConverterImplTest" tests="11" skipped="0" failures="0" errors="0" timestamp="2016-08-09T13:49:13" hostname="UK138745.local" time="0.058">
  <properties/>
  <testcase name="testConvertToArabicNumber_convertsCatCurrencyWordHissToTen" classname="com.converter.services.converter.CurrencyConverterImplTest" time="0.01"/>
  <testcase name="testConvertToArabicNumber_convertsThreeSingleCurrencyWordsToArrayOfArabicNumbers" classname="com.converter.services.converter.CurrencyConverterImplTest" time="0.002"/>
  <testcase name="testConvertToArabicNumber_convertsConcatenatedMeowPurrToFour" classname="com.converter.services.converter.CurrencyConverterImplTest" time="0.002"/>
  <testcase name="testConvertToArabicNumber_convertsConcatenatedMeowHissToNine" classname="com.converter.services.converter.CurrencyConverterImplTest" time="0.002"/>
  <testcase name="testConvertToArabicNumber_convertsCatCurrencyWordPurrToFive" classname="com.converter.services.converter.CurrencyConverterImplTest" time="0.0"/>
  <testcase name="testConvertToArabicNumber_convertsCatCurrencyWordMeowToOne" classname="com.converter.services.converter.CurrencyConverterImplTest" time="0.006"/>
  <testcase name="testConvertToArabicNumber_convertsSingleAndConcatenatedCurrencyWordsToArrayOfArabicNumbers" classname="com.converter.services.converter.CurrencyConverterImplTest" time="0.004"/>
  <testcase name="testConvertToArabicNumber_convertsConcatenatedHissYowlToForty" classname="com.converter.services.converter.CurrencyConverterImplTest" time="0.002"/>
  <testcase name="testConvertToArabicNumber_convertsMultipleConcatenatedCurrencyWordsToArrayOfArabicNumbers" classname="com.converter.services.converter.CurrencyConverterImplTest" time="0.0"/>
  <testcase name="testConvertToArabicNumber_ignoresCreditWordsInConversionProcess" classname="com.converter.services.converter.CurrencyConverterImplTest" time="0.0"/>
  <testcase name="testConvertToArabicNumber_convertsCatCurrencyWordYowlToFifty" classname="com.converter.services.converter.CurrencyConverterImplTest" time="0.0"/>
  <system-out><![CDATA[]]></system-out>
  <system-err><![CDATA[]]></system-err>
</testsuite>
