<?xml version="1.0" encoding="UTF-8"?>
<testsuite name="com.converter.services.applicator.RulesApplicatorImplTest" tests="9" skipped="0" failures="0" errors="0" timestamp="2016-08-09T13:49:13" hostname="UK138745.local" time="0.059">
  <properties/>
  <testcase name="testApplyCurrencyRules_combinesMeowReducerWithEligibleCurrencyWords" classname="com.converter.services.applicator.RulesApplicatorImplTest" time="0.008"/>
  <testcase name="testApplyCurrencyRules_throwsExceptionWhenProvidedInvalidHissDenomination" classname="com.converter.services.applicator.RulesApplicatorImplTest" time="0.002"/>
  <testcase name="testApplyCurrencyRules_concatenatesHissYowl" classname="com.converter.services.applicator.RulesApplicatorImplTest" time="0.003"/>
  <testcase name="testApplyCurrencyRules_throwsExceptionWhenProvidedInvalidHighDenomination" classname="com.converter.services.applicator.RulesApplicatorImplTest" time="0.0"/>
  <testcase name="testApplyCurrencyRules_throwsExceptionWhenProvidedInvalidMeowDenomination" classname="com.converter.services.applicator.RulesApplicatorImplTest" time="0.005"/>
  <testcase name="testApplyCurrencyRules_throwsExceptionWhenProvidedInvalidCatCurrencyOrder" classname="com.converter.services.applicator.RulesApplicatorImplTest" time="0.002"/>
  <testcase name="testApplyCurrencyRules_concatenatesMeowHiss" classname="com.converter.services.applicator.RulesApplicatorImplTest" time="0.005"/>
  <testcase name="testApplyCurrencyRules_concatenatesMeowPurr" classname="com.converter.services.applicator.RulesApplicatorImplTest" time="0.001"/>
  <testcase name="testApplyCurrencyRules_combinesMultipleReducerWords" classname="com.converter.services.applicator.RulesApplicatorImplTest" time="0.002"/>
  <system-out><![CDATA[]]></system-out>
  <system-err><![CDATA[]]></system-err>
</testsuite>
