<?xml version="1.0" encoding="UTF-8"?>
<testsuite name="com.converter.services.formatter.OutputFormatterImplTest" tests="3" skipped="0" failures="0" errors="0" timestamp="2016-08-09T13:49:13" hostname="UK138745.local" time="0.016">
  <properties/>
  <testcase name="testFormatOutputSentences_convertsSingleElementInCatCurrencyToSingleSentence" classname="com.converter.services.formatter.OutputFormatterImplTest" time="0.01"/>
  <testcase name="testFormatOutputSentences_addsCreditIndicatorToSentenceWhenCreditWordIsPresent" classname="com.converter.services.formatter.OutputFormatterImplTest" time="0.002"/>
  <testcase name="testFormatOutputSentences_convertsMultipleElementsInCatCurrencyToSingleSentence" classname="com.converter.services.formatter.OutputFormatterImplTest" time="0.0"/>
  <system-out><![CDATA[]]></system-out>
  <system-err><![CDATA[]]></system-err>
</testsuite>
