<?xml version="1.0" encoding="UTF-8"?>
<testsuite name="com.converter.services.calculator.CurrencyCalculatorImplTest" tests="6" skipped="0" failures="0" errors="0" timestamp="2016-08-09T13:49:13" hostname="UK138745.local" time="0.018">
  <properties/>
  <testcase name="testCalculateResult_multipliesConcatenatedCurrencyWordsByCreditWord" classname="com.converter.services.calculator.CurrencyCalculatorImplTest" time="0.013"/>
  <testcase name="testCalculateResult_addsBigDecimalArrayElementsToCalculateCurrencyResult" classname="com.converter.services.calculator.CurrencyCalculatorImplTest" time="0.0"/>
  <testcase name="testCalculateResult_multipliesCurrencySumByTunaCreditWord" classname="com.converter.services.calculator.CurrencyCalculatorImplTest" time="0.001"/>
  <testcase name="testCalculateResult_multipliesCurrencySumBySalmonCreditWord" classname="com.converter.services.calculator.CurrencyCalculatorImplTest" time="0.0"/>
  <testcase name="testCalculateResult_addsBigDecimalConcatenatedArrayElementsToCalculateCurrencyResult" classname="com.converter.services.calculator.CurrencyCalculatorImplTest" time="0.0"/>
  <testcase name="testCalculateResult_multipliesCurrencySumByMackerelCreditWord" classname="com.converter.services.calculator.CurrencyCalculatorImplTest" time="0.002"/>
  <system-out><![CDATA[]]></system-out>
  <system-err><![CDATA[]]></system-err>
</testsuite>
