<?xml version="1.0" encoding="UTF-8"?>
<testsuite name="com.converter.resources.processor.ConversionProcessorImplTest" tests="7" skipped="0" failures="0" errors="0" timestamp="2016-08-09T13:49:13" hostname="UK138745.local" time="0.262">
  <properties/>
  <testcase name="testProcessRequests_returnsMultipleFileLinesAsExpectedNumberOfStrings" classname="com.converter.resources.processor.ConversionProcessorImplTest" time="0.117"/>
  <testcase name="testProcessRequests_returnsSingleFileLineAsStringList" classname="com.converter.resources.processor.ConversionProcessorImplTest" time="0.007"/>
  <testcase name="testProcessRequests_doesNotAddStatementsToFileInput" classname="com.converter.resources.processor.ConversionProcessorImplTest" time="0.003"/>
  <testcase name="testProcessRequests_throwsFormatterExceptionWhenFileNotFound" classname="com.converter.resources.processor.ConversionProcessorImplTest" time="0.04"/>
  <testcase name="testProcessRequests_throwsFormatterExceptionWhenProcessingEmptyFile" classname="com.converter.resources.processor.ConversionProcessorImplTest" time="0.004"/>
  <testcase name="testProcessRequests_returnsMultipleFileLinesWithExpectedContent" classname="com.converter.resources.processor.ConversionProcessorImplTest" time="0.001"/>
  <testcase name="testProcessRequests_throwExceptionWhenProvidedNullValue" classname="com.converter.resources.processor.ConversionProcessorImplTest" time="0.001"/>
  <system-out><![CDATA[]]></system-out>
  <system-err><![CDATA[]]></system-err>
</testsuite>
